2022-12-17 00:21:33,740 INFO  [File Watcher] org.springframework.boot.devtools.autoconfigure.LocalDevToolsAutoConfiguration$RestartingClassPathChangeChangedEventListener:Restarting due to 3 class path changes (0 additions, 0 deletions, 3 modifications)
2022-12-17 00:21:33,965 INFO  [Thread-7] org.apache.catalina.core.StandardService:Stopping service [Tomcat]
2022-12-17 00:21:33,990 WARN  [Thread-7] org.apache.catalina.loader.WebappClassLoaderBase:The web application [ROOT] appears to have started a thread named [HikariPool-2 housekeeper] but has failed to stop it. This is very likely to create a memory leak. Stack trace of thread:
 java.base@11.0.14/jdk.internal.misc.Unsafe.park(Native Method)
 java.base@11.0.14/java.util.concurrent.locks.LockSupport.parkNanos(LockSupport.java:234)
 java.base@11.0.14/java.util.concurrent.locks.AbstractQueuedSynchronizer$ConditionObject.awaitNanos(AbstractQueuedSynchronizer.java:2123)
 java.base@11.0.14/java.util.concurrent.ScheduledThreadPoolExecutor$DelayedWorkQueue.take(ScheduledThreadPoolExecutor.java:1182)
 java.base@11.0.14/java.util.concurrent.ScheduledThreadPoolExecutor$DelayedWorkQueue.take(ScheduledThreadPoolExecutor.java:899)
 java.base@11.0.14/java.util.concurrent.ThreadPoolExecutor.getTask(ThreadPoolExecutor.java:1054)
 java.base@11.0.14/java.util.concurrent.ThreadPoolExecutor.runWorker(ThreadPoolExecutor.java:1114)
 java.base@11.0.14/java.util.concurrent.ThreadPoolExecutor$Worker.run(ThreadPoolExecutor.java:628)
 java.base@11.0.14/java.lang.Thread.run(Thread.java:834)
2022-12-17 00:21:34,021 INFO  [Thread-7] org.springframework.orm.jpa.LocalContainerEntityManagerFactoryBean:Closing JPA EntityManagerFactory for persistence unit 'default'
2022-12-17 00:21:34,042 INFO  [Thread-7] com.zaxxer.hikari.HikariDataSource:HikariPool-2 - Shutdown initiated...
2022-12-17 00:21:34,060 INFO  [Thread-7] com.zaxxer.hikari.HikariDataSource:HikariPool-2 - Shutdown completed.
2022-12-17 00:21:34,265 INFO  [restartedMain] com.crm.CrmApplication:Starting CrmApplication using Java 11.0.14 on LAPTOP-LLJMV15P with PID 7204 (C:\Users\mhinci\Desktop\dosya\Mini-CRM\target\classes started by mhinci in C:\Users\mhinci\Desktop\dosya\Mini-CRM)
2022-12-17 00:21:34,265 INFO  [restartedMain] com.crm.CrmApplication:No active profile set, falling back to 1 default profile: "default"
2022-12-17 00:21:34,768 INFO  [restartedMain] org.springframework.data.repository.config.RepositoryConfigurationDelegate:Bootstrapping Spring Data JPA repositories in DEFAULT mode.
2022-12-17 00:21:34,810 INFO  [restartedMain] org.springframework.data.repository.config.RepositoryConfigurationDelegate:Finished Spring Data repository scanning in 41 ms. Found 10 JPA repository interfaces.
2022-12-17 00:21:34,911 INFO  [restartedMain] org.springframework.boot.web.embedded.tomcat.TomcatWebServer:Tomcat initialized with port(s): 8081 (http)
2022-12-17 00:21:34,911 INFO  [restartedMain] org.apache.catalina.core.StandardService:Starting service [Tomcat]
2022-12-17 00:21:34,911 INFO  [restartedMain] org.apache.catalina.core.StandardEngine:Starting Servlet engine: [Apache Tomcat/9.0.69]
2022-12-17 00:21:34,929 INFO  [restartedMain] org.apache.catalina.core.ContainerBase.[Tomcat].[localhost].[/]:Initializing Spring embedded WebApplicationContext
2022-12-17 00:21:34,929 INFO  [restartedMain] org.springframework.boot.web.servlet.context.ServletWebServerApplicationContext:Root WebApplicationContext: initialization completed in 661 ms
2022-12-17 00:21:35,005 INFO  [restartedMain] org.hibernate.jpa.internal.util.LogHelper:HHH000204: Processing PersistenceUnitInfo [name: default]
2022-12-17 00:21:35,010 INFO  [restartedMain] com.zaxxer.hikari.HikariDataSource:HikariPool-3 - Starting...
2022-12-17 00:21:35,055 INFO  [restartedMain] com.zaxxer.hikari.HikariDataSource:HikariPool-3 - Start completed.
2022-12-17 00:21:35,056 INFO  [restartedMain] org.hibernate.dialect.Dialect:HHH000400: Using dialect: org.hibernate.dialect.PostgreSQLDialect
2022-12-17 00:21:35,337 INFO  [restartedMain] org.hibernate.engine.transaction.jta.platform.internal.JtaPlatformInitiator:HHH000490: Using JtaPlatform implementation: [org.hibernate.engine.transaction.jta.platform.internal.NoJtaPlatform]
2022-12-17 00:21:35,337 INFO  [restartedMain] org.springframework.orm.jpa.LocalContainerEntityManagerFactoryBean:Initialized JPA EntityManagerFactory for persistence unit 'default'
2022-12-17 00:21:35,684 INFO  [restartedMain] org.springframework.security.web.DefaultSecurityFilterChain:Will secure any request with [org.springframework.security.web.session.DisableEncodeUrlFilter@69020443, org.springframework.security.web.context.request.async.WebAsyncManagerIntegrationFilter@2f40c457, org.springframework.security.web.context.SecurityContextPersistenceFilter@6db73398, org.springframework.security.web.header.HeaderWriterFilter@43bbcc8e, org.springframework.security.web.authentication.logout.LogoutFilter@6c50f49b, com.crm.security.jwt.AuthTokenFilter@312a3065, org.springframework.security.web.savedrequest.RequestCacheAwareFilter@4c9fb724, org.springframework.security.web.servletapi.SecurityContextHolderAwareRequestFilter@515dcd85, org.springframework.security.web.authentication.AnonymousAuthenticationFilter@6d419ba5, org.springframework.security.web.session.SessionManagementFilter@7da2873c, org.springframework.security.web.access.ExceptionTranslationFilter@4b0d409a, org.springframework.security.web.access.intercept.FilterSecurityInterceptor@2f188283]
2022-12-17 00:21:35,719 WARN  [restartedMain] org.springframework.boot.autoconfigure.orm.jpa.JpaBaseConfiguration$JpaWebConfiguration:spring.jpa.open-in-view is enabled by default. Therefore, database queries may be performed during view rendering. Explicitly configure spring.jpa.open-in-view to disable this warning
2022-12-17 00:21:36,265 WARN  [restartedMain] org.springframework.security.config.annotation.web.builders.WebSecurity:You are asking Spring Security to ignore Ant [pattern='/v3/api-docs/**']. This is not recommended -- please use permitAll via HttpSecurity#authorizeHttpRequests instead.
2022-12-17 00:21:36,265 INFO  [restartedMain] org.springframework.security.web.DefaultSecurityFilterChain:Will not secure Ant [pattern='/v3/api-docs/**']
2022-12-17 00:21:36,265 WARN  [restartedMain] org.springframework.security.config.annotation.web.builders.WebSecurity:You are asking Spring Security to ignore Ant [pattern='swagger-ui.html']. This is not recommended -- please use permitAll via HttpSecurity#authorizeHttpRequests instead.
2022-12-17 00:21:36,265 INFO  [restartedMain] org.springframework.security.web.DefaultSecurityFilterChain:Will not secure Ant [pattern='swagger-ui.html']
2022-12-17 00:21:36,265 WARN  [restartedMain] org.springframework.security.config.annotation.web.builders.WebSecurity:You are asking Spring Security to ignore Ant [pattern='/swagger-ui/**']. This is not recommended -- please use permitAll via HttpSecurity#authorizeHttpRequests instead.
2022-12-17 00:21:36,265 INFO  [restartedMain] org.springframework.security.web.DefaultSecurityFilterChain:Will not secure Ant [pattern='/swagger-ui/**']
2022-12-17 00:21:36,265 WARN  [restartedMain] org.springframework.security.config.annotation.web.builders.WebSecurity:You are asking Spring Security to ignore Ant [pattern='/']. This is not recommended -- please use permitAll via HttpSecurity#authorizeHttpRequests instead.
2022-12-17 00:21:36,265 INFO  [restartedMain] org.springframework.security.web.DefaultSecurityFilterChain:Will not secure Ant [pattern='/']
2022-12-17 00:21:36,265 WARN  [restartedMain] org.springframework.security.config.annotation.web.builders.WebSecurity:You are asking Spring Security to ignore Ant [pattern='index.html']. This is not recommended -- please use permitAll via HttpSecurity#authorizeHttpRequests instead.
2022-12-17 00:21:36,265 INFO  [restartedMain] org.springframework.security.web.DefaultSecurityFilterChain:Will not secure Ant [pattern='index.html']
2022-12-17 00:21:36,265 WARN  [restartedMain] org.springframework.security.config.annotation.web.builders.WebSecurity:You are asking Spring Security to ignore Ant [pattern='/images/**']. This is not recommended -- please use permitAll via HttpSecurity#authorizeHttpRequests instead.
2022-12-17 00:21:36,265 INFO  [restartedMain] org.springframework.security.web.DefaultSecurityFilterChain:Will not secure Ant [pattern='/images/**']
2022-12-17 00:21:36,265 WARN  [restartedMain] org.springframework.security.config.annotation.web.builders.WebSecurity:You are asking Spring Security to ignore Ant [pattern='/css/**']. This is not recommended -- please use permitAll via HttpSecurity#authorizeHttpRequests instead.
2022-12-17 00:21:36,265 INFO  [restartedMain] org.springframework.security.web.DefaultSecurityFilterChain:Will not secure Ant [pattern='/css/**']
2022-12-17 00:21:36,266 WARN  [restartedMain] org.springframework.security.config.annotation.web.builders.WebSecurity:You are asking Spring Security to ignore Ant [pattern='/js/**']. This is not recommended -- please use permitAll via HttpSecurity#authorizeHttpRequests instead.
2022-12-17 00:21:36,266 INFO  [restartedMain] org.springframework.security.web.DefaultSecurityFilterChain:Will not secure Ant [pattern='/js/**']
2022-12-17 00:21:36,273 INFO  [restartedMain] org.springframework.boot.devtools.autoconfigure.OptionalLiveReloadServer:LiveReload server is running on port 35729
2022-12-17 00:21:36,276 INFO  [restartedMain] org.springframework.boot.actuate.endpoint.web.EndpointLinksResolver:Exposing 15 endpoint(s) beneath base path '/actuator'
2022-12-17 00:21:36,307 INFO  [restartedMain] org.springframework.boot.web.embedded.tomcat.TomcatWebServer:Tomcat started on port(s): 8081 (http) with context path ''
2022-12-17 00:21:36,315 INFO  [restartedMain] com.crm.CrmApplication:Started CrmApplication in 2.079 seconds (JVM running for 11187.866)
2022-12-17 00:21:36,317 INFO  [restartedMain] org.springframework.boot.devtools.autoconfigure.ConditionEvaluationDeltaLoggingListener:Condition evaluation unchanged
2022-12-17 00:22:40,510 INFO  [File Watcher] org.springframework.boot.devtools.autoconfigure.LocalDevToolsAutoConfiguration$RestartingClassPathChangeChangedEventListener:Restarting due to 3 class path changes (0 additions, 0 deletions, 3 modifications)
2022-12-17 00:22:40,599 INFO  [Thread-11] org.apache.catalina.core.StandardService:Stopping service [Tomcat]
2022-12-17 00:22:40,601 WARN  [Thread-11] org.apache.catalina.loader.WebappClassLoaderBase:The web application [ROOT] appears to have started a thread named [HikariPool-3 housekeeper] but has failed to stop it. This is very likely to create a memory leak. Stack trace of thread:
 java.base@11.0.14/jdk.internal.misc.Unsafe.park(Native Method)
 java.base@11.0.14/java.util.concurrent.locks.LockSupport.parkNanos(LockSupport.java:234)
 java.base@11.0.14/java.util.concurrent.locks.AbstractQueuedSynchronizer$ConditionObject.awaitNanos(AbstractQueuedSynchronizer.java:2123)
 java.base@11.0.14/java.util.concurrent.ScheduledThreadPoolExecutor$DelayedWorkQueue.take(ScheduledThreadPoolExecutor.java:1182)
 java.base@11.0.14/java.util.concurrent.ScheduledThreadPoolExecutor$DelayedWorkQueue.take(ScheduledThreadPoolExecutor.java:899)
 java.base@11.0.14/java.util.concurrent.ThreadPoolExecutor.getTask(ThreadPoolExecutor.java:1054)
 java.base@11.0.14/java.util.concurrent.ThreadPoolExecutor.runWorker(ThreadPoolExecutor.java:1114)
 java.base@11.0.14/java.util.concurrent.ThreadPoolExecutor$Worker.run(ThreadPoolExecutor.java:628)
 java.base@11.0.14/java.lang.Thread.run(Thread.java:834)
2022-12-17 00:22:40,606 INFO  [Thread-11] org.springframework.orm.jpa.LocalContainerEntityManagerFactoryBean:Closing JPA EntityManagerFactory for persistence unit 'default'
2022-12-17 00:22:40,607 INFO  [Thread-11] com.zaxxer.hikari.HikariDataSource:HikariPool-3 - Shutdown initiated...
2022-12-17 00:22:40,609 INFO  [Thread-11] com.zaxxer.hikari.HikariDataSource:HikariPool-3 - Shutdown completed.
2022-12-17 00:22:40,735 INFO  [restartedMain] com.crm.CrmApplication:Starting CrmApplication using Java 11.0.14 on LAPTOP-LLJMV15P with PID 7204 (C:\Users\mhinci\Desktop\dosya\Mini-CRM\target\classes started by mhinci in C:\Users\mhinci\Desktop\dosya\Mini-CRM)
2022-12-17 00:22:40,735 INFO  [restartedMain] com.crm.CrmApplication:No active profile set, falling back to 1 default profile: "default"
2022-12-17 00:22:41,003 INFO  [restartedMain] org.springframework.data.repository.config.RepositoryConfigurationDelegate:Bootstrapping Spring Data JPA repositories in DEFAULT mode.
2022-12-17 00:22:41,038 INFO  [restartedMain] org.springframework.data.repository.config.RepositoryConfigurationDelegate:Finished Spring Data repository scanning in 33 ms. Found 10 JPA repository interfaces.
2022-12-17 00:22:41,112 INFO  [restartedMain] org.springframework.boot.web.embedded.tomcat.TomcatWebServer:Tomcat initialized with port(s): 8081 (http)
2022-12-17 00:22:41,113 INFO  [restartedMain] org.apache.catalina.core.StandardService:Starting service [Tomcat]
2022-12-17 00:22:41,113 INFO  [restartedMain] org.apache.catalina.core.StandardEngine:Starting Servlet engine: [Apache Tomcat/9.0.69]
2022-12-17 00:22:41,127 INFO  [restartedMain] org.apache.catalina.core.ContainerBase.[Tomcat].[localhost].[/]:Initializing Spring embedded WebApplicationContext
2022-12-17 00:22:41,127 INFO  [restartedMain] org.springframework.boot.web.servlet.context.ServletWebServerApplicationContext:Root WebApplicationContext: initialization completed in 390 ms
2022-12-17 00:22:41,184 INFO  [restartedMain] org.hibernate.jpa.internal.util.LogHelper:HHH000204: Processing PersistenceUnitInfo [name: default]
2022-12-17 00:22:41,190 INFO  [restartedMain] com.zaxxer.hikari.HikariDataSource:HikariPool-4 - Starting...
2022-12-17 00:22:41,234 INFO  [restartedMain] com.zaxxer.hikari.HikariDataSource:HikariPool-4 - Start completed.
2022-12-17 00:22:41,234 INFO  [restartedMain] org.hibernate.dialect.Dialect:HHH000400: Using dialect: org.hibernate.dialect.PostgreSQLDialect
2022-12-17 00:22:41,474 INFO  [restartedMain] org.hibernate.engine.transaction.jta.platform.internal.JtaPlatformInitiator:HHH000490: Using JtaPlatform implementation: [org.hibernate.engine.transaction.jta.platform.internal.NoJtaPlatform]
2022-12-17 00:22:41,474 INFO  [restartedMain] org.springframework.orm.jpa.LocalContainerEntityManagerFactoryBean:Initialized JPA EntityManagerFactory for persistence unit 'default'
2022-12-17 00:22:41,820 INFO  [restartedMain] org.springframework.security.web.DefaultSecurityFilterChain:Will secure any request with [org.springframework.security.web.session.DisableEncodeUrlFilter@3c2ac815, org.springframework.security.web.context.request.async.WebAsyncManagerIntegrationFilter@773fff98, org.springframework.security.web.context.SecurityContextPersistenceFilter@7e71edaa, org.springframework.security.web.header.HeaderWriterFilter@274f6197, org.springframework.security.web.authentication.logout.LogoutFilter@7612fba4, com.crm.security.jwt.AuthTokenFilter@3b0ff291, org.springframework.security.web.savedrequest.RequestCacheAwareFilter@5df19384, org.springframework.security.web.servletapi.SecurityContextHolderAwareRequestFilter@16e1274, org.springframework.security.web.authentication.AnonymousAuthenticationFilter@2c857b6a, org.springframework.security.web.session.SessionManagementFilter@6aed9f5a, org.springframework.security.web.access.ExceptionTranslationFilter@1536c2b2, org.springframework.security.web.access.intercept.FilterSecurityInterceptor@1e662530]
2022-12-17 00:22:41,853 WARN  [restartedMain] org.springframework.boot.autoconfigure.orm.jpa.JpaBaseConfiguration$JpaWebConfiguration:spring.jpa.open-in-view is enabled by default. Therefore, database queries may be performed during view rendering. Explicitly configure spring.jpa.open-in-view to disable this warning
2022-12-17 00:22:42,399 WARN  [restartedMain] org.springframework.security.config.annotation.web.builders.WebSecurity:You are asking Spring Security to ignore Ant [pattern='/v3/api-docs/**']. This is not recommended -- please use permitAll via HttpSecurity#authorizeHttpRequests instead.
2022-12-17 00:22:42,399 INFO  [restartedMain] org.springframework.security.web.DefaultSecurityFilterChain:Will not secure Ant [pattern='/v3/api-docs/**']
2022-12-17 00:22:42,399 WARN  [restartedMain] org.springframework.security.config.annotation.web.builders.WebSecurity:You are asking Spring Security to ignore Ant [pattern='swagger-ui.html']. This is not recommended -- please use permitAll via HttpSecurity#authorizeHttpRequests instead.
2022-12-17 00:22:42,400 INFO  [restartedMain] org.springframework.security.web.DefaultSecurityFilterChain:Will not secure Ant [pattern='swagger-ui.html']
2022-12-17 00:22:42,400 WARN  [restartedMain] org.springframework.security.config.annotation.web.builders.WebSecurity:You are asking Spring Security to ignore Ant [pattern='/swagger-ui/**']. This is not recommended -- please use permitAll via HttpSecurity#authorizeHttpRequests instead.
2022-12-17 00:22:42,400 INFO  [restartedMain] org.springframework.security.web.DefaultSecurityFilterChain:Will not secure Ant [pattern='/swagger-ui/**']
2022-12-17 00:22:42,400 WARN  [restartedMain] org.springframework.security.config.annotation.web.builders.WebSecurity:You are asking Spring Security to ignore Ant [pattern='/']. This is not recommended -- please use permitAll via HttpSecurity#authorizeHttpRequests instead.
2022-12-17 00:22:42,400 INFO  [restartedMain] org.springframework.security.web.DefaultSecurityFilterChain:Will not secure Ant [pattern='/']
2022-12-17 00:22:42,400 WARN  [restartedMain] org.springframework.security.config.annotation.web.builders.WebSecurity:You are asking Spring Security to ignore Ant [pattern='index.html']. This is not recommended -- please use permitAll via HttpSecurity#authorizeHttpRequests instead.
2022-12-17 00:22:42,400 INFO  [restartedMain] org.springframework.security.web.DefaultSecurityFilterChain:Will not secure Ant [pattern='index.html']
2022-12-17 00:22:42,400 WARN  [restartedMain] org.springframework.security.config.annotation.web.builders.WebSecurity:You are asking Spring Security to ignore Ant [pattern='/images/**']. This is not recommended -- please use permitAll via HttpSecurity#authorizeHttpRequests instead.
2022-12-17 00:22:42,400 INFO  [restartedMain] org.springframework.security.web.DefaultSecurityFilterChain:Will not secure Ant [pattern='/images/**']
2022-12-17 00:22:42,400 WARN  [restartedMain] org.springframework.security.config.annotation.web.builders.WebSecurity:You are asking Spring Security to ignore Ant [pattern='/css/**']. This is not recommended -- please use permitAll via HttpSecurity#authorizeHttpRequests instead.
2022-12-17 00:22:42,400 INFO  [restartedMain] org.springframework.security.web.DefaultSecurityFilterChain:Will not secure Ant [pattern='/css/**']
2022-12-17 00:22:42,400 WARN  [restartedMain] org.springframework.security.config.annotation.web.builders.WebSecurity:You are asking Spring Security to ignore Ant [pattern='/js/**']. This is not recommended -- please use permitAll via HttpSecurity#authorizeHttpRequests instead.
2022-12-17 00:22:42,400 INFO  [restartedMain] org.springframework.security.web.DefaultSecurityFilterChain:Will not secure Ant [pattern='/js/**']
2022-12-17 00:22:42,413 INFO  [restartedMain] org.springframework.boot.devtools.autoconfigure.OptionalLiveReloadServer:LiveReload server is running on port 35729
2022-12-17 00:22:42,416 INFO  [restartedMain] org.springframework.boot.actuate.endpoint.web.EndpointLinksResolver:Exposing 15 endpoint(s) beneath base path '/actuator'
2022-12-17 00:22:42,438 INFO  [restartedMain] org.springframework.boot.web.embedded.tomcat.TomcatWebServer:Tomcat started on port(s): 8081 (http) with context path ''
2022-12-17 00:22:42,446 INFO  [restartedMain] com.crm.CrmApplication:Started CrmApplication in 1.734 seconds (JVM running for 11253.996)
2022-12-17 00:22:42,447 INFO  [restartedMain] org.springframework.boot.devtools.autoconfigure.ConditionEvaluationDeltaLoggingListener:Condition evaluation unchanged
2022-12-17 00:23:50,767 INFO  [File Watcher] org.springframework.boot.devtools.autoconfigure.LocalDevToolsAutoConfiguration$RestartingClassPathChangeChangedEventListener:Restarting due to 2 class path changes (0 additions, 0 deletions, 2 modifications)
2022-12-17 00:23:50,855 INFO  [Thread-15] org.apache.catalina.core.StandardService:Stopping service [Tomcat]
2022-12-17 00:23:50,858 WARN  [Thread-15] org.apache.catalina.loader.WebappClassLoaderBase:The web application [ROOT] appears to have started a thread named [HikariPool-4 housekeeper] but has failed to stop it. This is very likely to create a memory leak. Stack trace of thread:
 java.base@11.0.14/jdk.internal.misc.Unsafe.park(Native Method)
 java.base@11.0.14/java.util.concurrent.locks.LockSupport.parkNanos(LockSupport.java:234)
 java.base@11.0.14/java.util.concurrent.locks.AbstractQueuedSynchronizer$ConditionObject.awaitNanos(AbstractQueuedSynchronizer.java:2123)
 java.base@11.0.14/java.util.concurrent.ScheduledThreadPoolExecutor$DelayedWorkQueue.take(ScheduledThreadPoolExecutor.java:1182)
 java.base@11.0.14/java.util.concurrent.ScheduledThreadPoolExecutor$DelayedWorkQueue.take(ScheduledThreadPoolExecutor.java:899)
 java.base@11.0.14/java.util.concurrent.ThreadPoolExecutor.getTask(ThreadPoolExecutor.java:1054)
 java.base@11.0.14/java.util.concurrent.ThreadPoolExecutor.runWorker(ThreadPoolExecutor.java:1114)
 java.base@11.0.14/java.util.concurrent.ThreadPoolExecutor$Worker.run(ThreadPoolExecutor.java:628)
 java.base@11.0.14/java.lang.Thread.run(Thread.java:834)
2022-12-17 00:23:50,862 INFO  [Thread-15] org.springframework.orm.jpa.LocalContainerEntityManagerFactoryBean:Closing JPA EntityManagerFactory for persistence unit 'default'
2022-12-17 00:23:50,862 INFO  [Thread-15] com.zaxxer.hikari.HikariDataSource:HikariPool-4 - Shutdown initiated...
2022-12-17 00:23:50,871 INFO  [Thread-15] com.zaxxer.hikari.HikariDataSource:HikariPool-4 - Shutdown completed.
2022-12-17 00:23:50,950 INFO  [restartedMain] com.crm.CrmApplication:Starting CrmApplication using Java 11.0.14 on LAPTOP-LLJMV15P with PID 7204 (C:\Users\mhinci\Desktop\dosya\Mini-CRM\target\classes started by mhinci in C:\Users\mhinci\Desktop\dosya\Mini-CRM)
2022-12-17 00:23:50,952 INFO  [restartedMain] com.crm.CrmApplication:No active profile set, falling back to 1 default profile: "default"
2022-12-17 00:23:51,242 INFO  [restartedMain] org.springframework.data.repository.config.RepositoryConfigurationDelegate:Bootstrapping Spring Data JPA repositories in DEFAULT mode.
2022-12-17 00:23:51,271 INFO  [restartedMain] org.springframework.data.repository.config.RepositoryConfigurationDelegate:Finished Spring Data repository scanning in 29 ms. Found 10 JPA repository interfaces.
2022-12-17 00:23:51,359 INFO  [restartedMain] org.springframework.boot.web.embedded.tomcat.TomcatWebServer:Tomcat initialized with port(s): 8081 (http)
2022-12-17 00:23:51,360 INFO  [restartedMain] org.apache.catalina.core.StandardService:Starting service [Tomcat]
2022-12-17 00:23:51,360 INFO  [restartedMain] org.apache.catalina.core.StandardEngine:Starting Servlet engine: [Apache Tomcat/9.0.69]
2022-12-17 00:23:51,376 INFO  [restartedMain] org.apache.catalina.core.ContainerBase.[Tomcat].[localhost].[/]:Initializing Spring embedded WebApplicationContext
2022-12-17 00:23:51,376 INFO  [restartedMain] org.springframework.boot.web.servlet.context.ServletWebServerApplicationContext:Root WebApplicationContext: initialization completed in 422 ms
2022-12-17 00:23:51,436 INFO  [restartedMain] org.hibernate.jpa.internal.util.LogHelper:HHH000204: Processing PersistenceUnitInfo [name: default]
2022-12-17 00:23:51,442 INFO  [restartedMain] com.zaxxer.hikari.HikariDataSource:HikariPool-5 - Starting...
2022-12-17 00:23:51,486 INFO  [restartedMain] com.zaxxer.hikari.HikariDataSource:HikariPool-5 - Start completed.
2022-12-17 00:23:51,486 INFO  [restartedMain] org.hibernate.dialect.Dialect:HHH000400: Using dialect: org.hibernate.dialect.PostgreSQLDialect
2022-12-17 00:23:51,698 INFO  [restartedMain] org.hibernate.engine.transaction.jta.platform.internal.JtaPlatformInitiator:HHH000490: Using JtaPlatform implementation: [org.hibernate.engine.transaction.jta.platform.internal.NoJtaPlatform]
2022-12-17 00:23:51,698 INFO  [restartedMain] org.springframework.orm.jpa.LocalContainerEntityManagerFactoryBean:Initialized JPA EntityManagerFactory for persistence unit 'default'
2022-12-17 00:23:51,994 INFO  [restartedMain] org.springframework.security.web.DefaultSecurityFilterChain:Will secure any request with [org.springframework.security.web.session.DisableEncodeUrlFilter@44e2276e, org.springframework.security.web.context.request.async.WebAsyncManagerIntegrationFilter@3a64918d, org.springframework.security.web.context.SecurityContextPersistenceFilter@33866aeb, org.springframework.security.web.header.HeaderWriterFilter@7e0ddfec, org.springframework.security.web.authentication.logout.LogoutFilter@6fb82de9, com.crm.security.jwt.AuthTokenFilter@12d47a5, org.springframework.security.web.savedrequest.RequestCacheAwareFilter@31b01ce9, org.springframework.security.web.servletapi.SecurityContextHolderAwareRequestFilter@21d2478c, org.springframework.security.web.authentication.AnonymousAuthenticationFilter@5552a8e0, org.springframework.security.web.session.SessionManagementFilter@225d951e, org.springframework.security.web.access.ExceptionTranslationFilter@29156426, org.springframework.security.web.access.intercept.FilterSecurityInterceptor@75097fb4]
2022-12-17 00:23:52,025 WARN  [restartedMain] org.springframework.boot.autoconfigure.orm.jpa.JpaBaseConfiguration$JpaWebConfiguration:spring.jpa.open-in-view is enabled by default. Therefore, database queries may be performed during view rendering. Explicitly configure spring.jpa.open-in-view to disable this warning
2022-12-17 00:23:52,518 WARN  [restartedMain] org.springframework.security.config.annotation.web.builders.WebSecurity:You are asking Spring Security to ignore Ant [pattern='/v3/api-docs/**']. This is not recommended -- please use permitAll via HttpSecurity#authorizeHttpRequests instead.
2022-12-17 00:23:52,518 INFO  [restartedMain] org.springframework.security.web.DefaultSecurityFilterChain:Will not secure Ant [pattern='/v3/api-docs/**']
2022-12-17 00:23:52,518 WARN  [restartedMain] org.springframework.security.config.annotation.web.builders.WebSecurity:You are asking Spring Security to ignore Ant [pattern='swagger-ui.html']. This is not recommended -- please use permitAll via HttpSecurity#authorizeHttpRequests instead.
2022-12-17 00:23:52,518 INFO  [restartedMain] org.springframework.security.web.DefaultSecurityFilterChain:Will not secure Ant [pattern='swagger-ui.html']
2022-12-17 00:23:52,518 WARN  [restartedMain] org.springframework.security.config.annotation.web.builders.WebSecurity:You are asking Spring Security to ignore Ant [pattern='/swagger-ui/**']. This is not recommended -- please use permitAll via HttpSecurity#authorizeHttpRequests instead.
2022-12-17 00:23:52,518 INFO  [restartedMain] org.springframework.security.web.DefaultSecurityFilterChain:Will not secure Ant [pattern='/swagger-ui/**']
2022-12-17 00:23:52,518 WARN  [restartedMain] org.springframework.security.config.annotation.web.builders.WebSecurity:You are asking Spring Security to ignore Ant [pattern='/']. This is not recommended -- please use permitAll via HttpSecurity#authorizeHttpRequests instead.
2022-12-17 00:23:52,518 INFO  [restartedMain] org.springframework.security.web.DefaultSecurityFilterChain:Will not secure Ant [pattern='/']
2022-12-17 00:23:52,518 WARN  [restartedMain] org.springframework.security.config.annotation.web.builders.WebSecurity:You are asking Spring Security to ignore Ant [pattern='index.html']. This is not recommended -- please use permitAll via HttpSecurity#authorizeHttpRequests instead.
2022-12-17 00:23:52,518 INFO  [restartedMain] org.springframework.security.web.DefaultSecurityFilterChain:Will not secure Ant [pattern='index.html']
2022-12-17 00:23:52,519 WARN  [restartedMain] org.springframework.security.config.annotation.web.builders.WebSecurity:You are asking Spring Security to ignore Ant [pattern='/images/**']. This is not recommended -- please use permitAll via HttpSecurity#authorizeHttpRequests instead.
2022-12-17 00:23:52,519 INFO  [restartedMain] org.springframework.security.web.DefaultSecurityFilterChain:Will not secure Ant [pattern='/images/**']
2022-12-17 00:23:52,519 WARN  [restartedMain] org.springframework.security.config.annotation.web.builders.WebSecurity:You are asking Spring Security to ignore Ant [pattern='/css/**']. This is not recommended -- please use permitAll via HttpSecurity#authorizeHttpRequests instead.
2022-12-17 00:23:52,519 INFO  [restartedMain] org.springframework.security.web.DefaultSecurityFilterChain:Will not secure Ant [pattern='/css/**']
2022-12-17 00:23:52,519 WARN  [restartedMain] org.springframework.security.config.annotation.web.builders.WebSecurity:You are asking Spring Security to ignore Ant [pattern='/js/**']. This is not recommended -- please use permitAll via HttpSecurity#authorizeHttpRequests instead.
2022-12-17 00:23:52,519 INFO  [restartedMain] org.springframework.security.web.DefaultSecurityFilterChain:Will not secure Ant [pattern='/js/**']
2022-12-17 00:23:52,536 INFO  [restartedMain] org.springframework.boot.devtools.autoconfigure.OptionalLiveReloadServer:LiveReload server is running on port 35729
2022-12-17 00:23:52,540 INFO  [restartedMain] org.springframework.boot.actuate.endpoint.web.EndpointLinksResolver:Exposing 15 endpoint(s) beneath base path '/actuator'
2022-12-17 00:23:52,573 INFO  [restartedMain] org.springframework.boot.web.embedded.tomcat.TomcatWebServer:Tomcat started on port(s): 8081 (http) with context path ''
2022-12-17 00:23:52,582 INFO  [restartedMain] com.crm.CrmApplication:Started CrmApplication in 1.659 seconds (JVM running for 11324.131)
2022-12-17 00:23:52,584 INFO  [restartedMain] org.springframework.boot.devtools.autoconfigure.ConditionEvaluationDeltaLoggingListener:Condition evaluation unchanged
2022-12-17 00:44:28,154 INFO  [File Watcher] org.springframework.boot.devtools.autoconfigure.LocalDevToolsAutoConfiguration$RestartingClassPathChangeChangedEventListener:Restarting due to 2 class path changes (0 additions, 0 deletions, 2 modifications)
2022-12-17 00:44:28,245 INFO  [Thread-19] org.apache.catalina.core.StandardService:Stopping service [Tomcat]
2022-12-17 00:44:28,250 WARN  [Thread-19] org.apache.catalina.loader.WebappClassLoaderBase:The web application [ROOT] appears to have started a thread named [HikariPool-5 housekeeper] but has failed to stop it. This is very likely to create a memory leak. Stack trace of thread:
 java.base@11.0.14/jdk.internal.misc.Unsafe.park(Native Method)
 java.base@11.0.14/java.util.concurrent.locks.LockSupport.parkNanos(LockSupport.java:234)
 java.base@11.0.14/java.util.concurrent.locks.AbstractQueuedSynchronizer$ConditionObject.awaitNanos(AbstractQueuedSynchronizer.java:2123)
 java.base@11.0.14/java.util.concurrent.ScheduledThreadPoolExecutor$DelayedWorkQueue.take(ScheduledThreadPoolExecutor.java:1182)
 java.base@11.0.14/java.util.concurrent.ScheduledThreadPoolExecutor$DelayedWorkQueue.take(ScheduledThreadPoolExecutor.java:899)
 java.base@11.0.14/java.util.concurrent.ThreadPoolExecutor.getTask(ThreadPoolExecutor.java:1054)
 java.base@11.0.14/java.util.concurrent.ThreadPoolExecutor.runWorker(ThreadPoolExecutor.java:1114)
 java.base@11.0.14/java.util.concurrent.ThreadPoolExecutor$Worker.run(ThreadPoolExecutor.java:628)
 java.base@11.0.14/java.lang.Thread.run(Thread.java:834)
2022-12-17 00:44:28,255 INFO  [Thread-19] org.springframework.orm.jpa.LocalContainerEntityManagerFactoryBean:Closing JPA EntityManagerFactory for persistence unit 'default'
2022-12-17 00:44:28,255 INFO  [Thread-19] com.zaxxer.hikari.HikariDataSource:HikariPool-5 - Shutdown initiated...
2022-12-17 00:44:28,260 INFO  [Thread-19] com.zaxxer.hikari.HikariDataSource:HikariPool-5 - Shutdown completed.
2022-12-17 00:44:28,336 INFO  [restartedMain] com.crm.CrmApplication:Starting CrmApplication using Java 11.0.14 on LAPTOP-LLJMV15P with PID 7204 (C:\Users\mhinci\Desktop\dosya\Mini-CRM\target\classes started by mhinci in C:\Users\mhinci\Desktop\dosya\Mini-CRM)
2022-12-17 00:44:28,337 INFO  [restartedMain] com.crm.CrmApplication:No active profile set, falling back to 1 default profile: "default"
2022-12-17 00:44:28,589 INFO  [restartedMain] org.springframework.data.repository.config.RepositoryConfigurationDelegate:Bootstrapping Spring Data JPA repositories in DEFAULT mode.
2022-12-17 00:44:28,624 INFO  [restartedMain] org.springframework.data.repository.config.RepositoryConfigurationDelegate:Finished Spring Data repository scanning in 34 ms. Found 10 JPA repository interfaces.
2022-12-17 00:44:28,701 INFO  [restartedMain] org.springframework.boot.web.embedded.tomcat.TomcatWebServer:Tomcat initialized with port(s): 8081 (http)
2022-12-17 00:44:28,702 INFO  [restartedMain] org.apache.catalina.core.StandardService:Starting service [Tomcat]
2022-12-17 00:44:28,702 INFO  [restartedMain] org.apache.catalina.core.StandardEngine:Starting Servlet engine: [Apache Tomcat/9.0.69]
2022-12-17 00:44:28,716 INFO  [restartedMain] org.apache.catalina.core.ContainerBase.[Tomcat].[localhost].[/]:Initializing Spring embedded WebApplicationContext
2022-12-17 00:44:28,716 INFO  [restartedMain] org.springframework.boot.web.servlet.context.ServletWebServerApplicationContext:Root WebApplicationContext: initialization completed in 378 ms
2022-12-17 00:44:28,776 INFO  [restartedMain] org.hibernate.jpa.internal.util.LogHelper:HHH000204: Processing PersistenceUnitInfo [name: default]
2022-12-17 00:44:28,780 INFO  [restartedMain] com.zaxxer.hikari.HikariDataSource:HikariPool-6 - Starting...
2022-12-17 00:44:28,825 INFO  [restartedMain] com.zaxxer.hikari.HikariDataSource:HikariPool-6 - Start completed.
2022-12-17 00:44:28,825 INFO  [restartedMain] org.hibernate.dialect.Dialect:HHH000400: Using dialect: org.hibernate.dialect.PostgreSQLDialect
2022-12-17 00:44:29,039 INFO  [restartedMain] org.hibernate.engine.transaction.jta.platform.internal.JtaPlatformInitiator:HHH000490: Using JtaPlatform implementation: [org.hibernate.engine.transaction.jta.platform.internal.NoJtaPlatform]
2022-12-17 00:44:29,040 INFO  [restartedMain] org.springframework.orm.jpa.LocalContainerEntityManagerFactoryBean:Initialized JPA EntityManagerFactory for persistence unit 'default'
2022-12-17 00:44:29,357 INFO  [restartedMain] org.springframework.security.web.DefaultSecurityFilterChain:Will secure any request with [org.springframework.security.web.session.DisableEncodeUrlFilter@7a578029, org.springframework.security.web.context.request.async.WebAsyncManagerIntegrationFilter@6e23103, org.springframework.security.web.context.SecurityContextPersistenceFilter@b00c563, org.springframework.security.web.header.HeaderWriterFilter@67e96cbf, org.springframework.security.web.authentication.logout.LogoutFilter@6cbf1dfc, com.crm.security.jwt.AuthTokenFilter@77287f9a, org.springframework.security.web.savedrequest.RequestCacheAwareFilter@2925709a, org.springframework.security.web.servletapi.SecurityContextHolderAwareRequestFilter@5057d95, org.springframework.security.web.authentication.AnonymousAuthenticationFilter@d09b602, org.springframework.security.web.session.SessionManagementFilter@e6d42b6, org.springframework.security.web.access.ExceptionTranslationFilter@719a63aa, org.springframework.security.web.access.intercept.FilterSecurityInterceptor@42600918]
2022-12-17 00:44:29,391 WARN  [restartedMain] org.springframework.boot.autoconfigure.orm.jpa.JpaBaseConfiguration$JpaWebConfiguration:spring.jpa.open-in-view is enabled by default. Therefore, database queries may be performed during view rendering. Explicitly configure spring.jpa.open-in-view to disable this warning
2022-12-17 00:44:29,862 WARN  [restartedMain] org.springframework.security.config.annotation.web.builders.WebSecurity:You are asking Spring Security to ignore Ant [pattern='/v3/api-docs/**']. This is not recommended -- please use permitAll via HttpSecurity#authorizeHttpRequests instead.
2022-12-17 00:44:29,862 INFO  [restartedMain] org.springframework.security.web.DefaultSecurityFilterChain:Will not secure Ant [pattern='/v3/api-docs/**']
2022-12-17 00:44:29,862 WARN  [restartedMain] org.springframework.security.config.annotation.web.builders.WebSecurity:You are asking Spring Security to ignore Ant [pattern='swagger-ui.html']. This is not recommended -- please use permitAll via HttpSecurity#authorizeHttpRequests instead.
2022-12-17 00:44:29,862 INFO  [restartedMain] org.springframework.security.web.DefaultSecurityFilterChain:Will not secure Ant [pattern='swagger-ui.html']
2022-12-17 00:44:29,862 WARN  [restartedMain] org.springframework.security.config.annotation.web.builders.WebSecurity:You are asking Spring Security to ignore Ant [pattern='/swagger-ui/**']. This is not recommended -- please use permitAll via HttpSecurity#authorizeHttpRequests instead.
2022-12-17 00:44:29,862 INFO  [restartedMain] org.springframework.security.web.DefaultSecurityFilterChain:Will not secure Ant [pattern='/swagger-ui/**']
2022-12-17 00:44:29,862 WARN  [restartedMain] org.springframework.security.config.annotation.web.builders.WebSecurity:You are asking Spring Security to ignore Ant [pattern='/']. This is not recommended -- please use permitAll via HttpSecurity#authorizeHttpRequests instead.
2022-12-17 00:44:29,862 INFO  [restartedMain] org.springframework.security.web.DefaultSecurityFilterChain:Will not secure Ant [pattern='/']
2022-12-17 00:44:29,862 WARN  [restartedMain] org.springframework.security.config.annotation.web.builders.WebSecurity:You are asking Spring Security to ignore Ant [pattern='index.html']. This is not recommended -- please use permitAll via HttpSecurity#authorizeHttpRequests instead.
2022-12-17 00:44:29,863 INFO  [restartedMain] org.springframework.security.web.DefaultSecurityFilterChain:Will not secure Ant [pattern='index.html']
2022-12-17 00:44:29,863 WARN  [restartedMain] org.springframework.security.config.annotation.web.builders.WebSecurity:You are asking Spring Security to ignore Ant [pattern='/images/**']. This is not recommended -- please use permitAll via HttpSecurity#authorizeHttpRequests instead.
2022-12-17 00:44:29,863 INFO  [restartedMain] org.springframework.security.web.DefaultSecurityFilterChain:Will not secure Ant [pattern='/images/**']
2022-12-17 00:44:29,863 WARN  [restartedMain] org.springframework.security.config.annotation.web.builders.WebSecurity:You are asking Spring Security to ignore Ant [pattern='/css/**']. This is not recommended -- please use permitAll via HttpSecurity#authorizeHttpRequests instead.
2022-12-17 00:44:29,863 INFO  [restartedMain] org.springframework.security.web.DefaultSecurityFilterChain:Will not secure Ant [pattern='/css/**']
2022-12-17 00:44:29,863 WARN  [restartedMain] org.springframework.security.config.annotation.web.builders.WebSecurity:You are asking Spring Security to ignore Ant [pattern='/js/**']. This is not recommended -- please use permitAll via HttpSecurity#authorizeHttpRequests instead.
2022-12-17 00:44:29,863 INFO  [restartedMain] org.springframework.security.web.DefaultSecurityFilterChain:Will not secure Ant [pattern='/js/**']
2022-12-17 00:44:29,875 INFO  [restartedMain] org.springframework.boot.devtools.autoconfigure.OptionalLiveReloadServer:LiveReload server is running on port 35729
2022-12-17 00:44:29,877 INFO  [restartedMain] org.springframework.boot.actuate.endpoint.web.EndpointLinksResolver:Exposing 15 endpoint(s) beneath base path '/actuator'
2022-12-17 00:44:29,906 INFO  [restartedMain] org.springframework.boot.web.embedded.tomcat.TomcatWebServer:Tomcat started on port(s): 8081 (http) with context path ''
2022-12-17 00:44:29,912 INFO  [restartedMain] com.crm.CrmApplication:Started CrmApplication in 1.596 seconds (JVM running for 12561.449)
2022-12-17 00:44:29,914 INFO  [restartedMain] org.springframework.boot.devtools.autoconfigure.ConditionEvaluationDeltaLoggingListener:Condition evaluation unchanged
2022-12-17 00:45:15,473 INFO  [File Watcher] org.springframework.boot.devtools.autoconfigure.LocalDevToolsAutoConfiguration$RestartingClassPathChangeChangedEventListener:Restarting due to 1 class path change (0 additions, 0 deletions, 1 modification)
2022-12-17 00:45:15,559 INFO  [Thread-23] org.apache.catalina.core.StandardService:Stopping service [Tomcat]
2022-12-17 00:45:15,563 WARN  [Thread-23] org.apache.catalina.loader.WebappClassLoaderBase:The web application [ROOT] appears to have started a thread named [HikariPool-6 housekeeper] but has failed to stop it. This is very likely to create a memory leak. Stack trace of thread:
 java.base@11.0.14/jdk.internal.misc.Unsafe.park(Native Method)
 java.base@11.0.14/java.util.concurrent.locks.LockSupport.parkNanos(LockSupport.java:234)
 java.base@11.0.14/java.util.concurrent.locks.AbstractQueuedSynchronizer$ConditionObject.awaitNanos(AbstractQueuedSynchronizer.java:2123)
 java.base@11.0.14/java.util.concurrent.ScheduledThreadPoolExecutor$DelayedWorkQueue.take(ScheduledThreadPoolExecutor.java:1182)
 java.base@11.0.14/java.util.concurrent.ScheduledThreadPoolExecutor$DelayedWorkQueue.take(ScheduledThreadPoolExecutor.java:899)
 java.base@11.0.14/java.util.concurrent.ThreadPoolExecutor.getTask(ThreadPoolExecutor.java:1054)
 java.base@11.0.14/java.util.concurrent.ThreadPoolExecutor.runWorker(ThreadPoolExecutor.java:1114)
 java.base@11.0.14/java.util.concurrent.ThreadPoolExecutor$Worker.run(ThreadPoolExecutor.java:628)
 java.base@11.0.14/java.lang.Thread.run(Thread.java:834)
2022-12-17 00:45:15,568 INFO  [Thread-23] org.springframework.orm.jpa.LocalContainerEntityManagerFactoryBean:Closing JPA EntityManagerFactory for persistence unit 'default'
2022-12-17 00:45:15,568 INFO  [Thread-23] com.zaxxer.hikari.HikariDataSource:HikariPool-6 - Shutdown initiated...
2022-12-17 00:45:15,573 INFO  [Thread-23] com.zaxxer.hikari.HikariDataSource:HikariPool-6 - Shutdown completed.
2022-12-17 00:45:15,658 INFO  [restartedMain] com.crm.CrmApplication:Starting CrmApplication using Java 11.0.14 on LAPTOP-LLJMV15P with PID 7204 (C:\Users\mhinci\Desktop\dosya\Mini-CRM\target\classes started by mhinci in C:\Users\mhinci\Desktop\dosya\Mini-CRM)
2022-12-17 00:45:15,658 INFO  [restartedMain] com.crm.CrmApplication:No active profile set, falling back to 1 default profile: "default"
2022-12-17 00:45:15,909 INFO  [restartedMain] org.springframework.data.repository.config.RepositoryConfigurationDelegate:Bootstrapping Spring Data JPA repositories in DEFAULT mode.
2022-12-17 00:45:15,940 INFO  [restartedMain] org.springframework.data.repository.config.RepositoryConfigurationDelegate:Finished Spring Data repository scanning in 31 ms. Found 10 JPA repository interfaces.
2022-12-17 00:45:16,016 INFO  [restartedMain] org.springframework.boot.web.embedded.tomcat.TomcatWebServer:Tomcat initialized with port(s): 8081 (http)
2022-12-17 00:45:16,017 INFO  [restartedMain] org.apache.catalina.core.StandardService:Starting service [Tomcat]
2022-12-17 00:45:16,018 INFO  [restartedMain] org.apache.catalina.core.StandardEngine:Starting Servlet engine: [Apache Tomcat/9.0.69]
2022-12-17 00:45:16,032 INFO  [restartedMain] org.apache.catalina.core.ContainerBase.[Tomcat].[localhost].[/]:Initializing Spring embedded WebApplicationContext
2022-12-17 00:45:16,032 INFO  [restartedMain] org.springframework.boot.web.servlet.context.ServletWebServerApplicationContext:Root WebApplicationContext: initialization completed in 373 ms
2022-12-17 00:45:16,106 INFO  [restartedMain] org.hibernate.jpa.internal.util.LogHelper:HHH000204: Processing PersistenceUnitInfo [name: default]
2022-12-17 00:45:16,111 INFO  [restartedMain] com.zaxxer.hikari.HikariDataSource:HikariPool-7 - Starting...
2022-12-17 00:45:16,155 INFO  [restartedMain] com.zaxxer.hikari.HikariDataSource:HikariPool-7 - Start completed.
2022-12-17 00:45:16,155 INFO  [restartedMain] org.hibernate.dialect.Dialect:HHH000400: Using dialect: org.hibernate.dialect.PostgreSQLDialect
2022-12-17 00:45:16,352 INFO  [restartedMain] org.hibernate.engine.transaction.jta.platform.internal.JtaPlatformInitiator:HHH000490: Using JtaPlatform implementation: [org.hibernate.engine.transaction.jta.platform.internal.NoJtaPlatform]
2022-12-17 00:45:16,353 INFO  [restartedMain] org.springframework.orm.jpa.LocalContainerEntityManagerFactoryBean:Initialized JPA EntityManagerFactory for persistence unit 'default'
2022-12-17 00:45:16,679 INFO  [restartedMain] org.springframework.security.web.DefaultSecurityFilterChain:Will secure any request with [org.springframework.security.web.session.DisableEncodeUrlFilter@1a7daaec, org.springframework.security.web.context.request.async.WebAsyncManagerIntegrationFilter@289b96f8, org.springframework.security.web.context.SecurityContextPersistenceFilter@1fa84f56, org.springframework.security.web.header.HeaderWriterFilter@48cc2e6b, org.springframework.security.web.authentication.logout.LogoutFilter@539be43b, com.crm.security.jwt.AuthTokenFilter@6c7335af, org.springframework.security.web.savedrequest.RequestCacheAwareFilter@72587eef, org.springframework.security.web.servletapi.SecurityContextHolderAwareRequestFilter@5b4eb9b9, org.springframework.security.web.authentication.AnonymousAuthenticationFilter@35fed16a, org.springframework.security.web.session.SessionManagementFilter@7364dd65, org.springframework.security.web.access.ExceptionTranslationFilter@5826a773, org.springframework.security.web.access.intercept.FilterSecurityInterceptor@77302940]
2022-12-17 00:45:16,710 WARN  [restartedMain] org.springframework.boot.autoconfigure.orm.jpa.JpaBaseConfiguration$JpaWebConfiguration:spring.jpa.open-in-view is enabled by default. Therefore, database queries may be performed during view rendering. Explicitly configure spring.jpa.open-in-view to disable this warning
2022-12-17 00:45:17,216 WARN  [restartedMain] org.springframework.security.config.annotation.web.builders.WebSecurity:You are asking Spring Security to ignore Ant [pattern='/v3/api-docs/**']. This is not recommended -- please use permitAll via HttpSecurity#authorizeHttpRequests instead.
2022-12-17 00:45:17,216 INFO  [restartedMain] org.springframework.security.web.DefaultSecurityFilterChain:Will not secure Ant [pattern='/v3/api-docs/**']
2022-12-17 00:45:17,216 WARN  [restartedMain] org.springframework.security.config.annotation.web.builders.WebSecurity:You are asking Spring Security to ignore Ant [pattern='swagger-ui.html']. This is not recommended -- please use permitAll via HttpSecurity#authorizeHttpRequests instead.
2022-12-17 00:45:17,216 INFO  [restartedMain] org.springframework.security.web.DefaultSecurityFilterChain:Will not secure Ant [pattern='swagger-ui.html']
2022-12-17 00:45:17,216 WARN  [restartedMain] org.springframework.security.config.annotation.web.builders.WebSecurity:You are asking Spring Security to ignore Ant [pattern='/swagger-ui/**']. This is not recommended -- please use permitAll via HttpSecurity#authorizeHttpRequests instead.
2022-12-17 00:45:17,216 INFO  [restartedMain] org.springframework.security.web.DefaultSecurityFilterChain:Will not secure Ant [pattern='/swagger-ui/**']
2022-12-17 00:45:17,216 WARN  [restartedMain] org.springframework.security.config.annotation.web.builders.WebSecurity:You are asking Spring Security to ignore Ant [pattern='/']. This is not recommended -- please use permitAll via HttpSecurity#authorizeHttpRequests instead.
2022-12-17 00:45:17,216 INFO  [restartedMain] org.springframework.security.web.DefaultSecurityFilterChain:Will not secure Ant [pattern='/']
2022-12-17 00:45:17,216 WARN  [restartedMain] org.springframework.security.config.annotation.web.builders.WebSecurity:You are asking Spring Security to ignore Ant [pattern='index.html']. This is not recommended -- please use permitAll via HttpSecurity#authorizeHttpRequests instead.
2022-12-17 00:45:17,216 INFO  [restartedMain] org.springframework.security.web.DefaultSecurityFilterChain:Will not secure Ant [pattern='index.html']
2022-12-17 00:45:17,216 WARN  [restartedMain] org.springframework.security.config.annotation.web.builders.WebSecurity:You are asking Spring Security to ignore Ant [pattern='/images/**']. This is not recommended -- please use permitAll via HttpSecurity#authorizeHttpRequests instead.
2022-12-17 00:45:17,216 INFO  [restartedMain] org.springframework.security.web.DefaultSecurityFilterChain:Will not secure Ant [pattern='/images/**']
2022-12-17 00:45:17,216 WARN  [restartedMain] org.springframework.security.config.annotation.web.builders.WebSecurity:You are asking Spring Security to ignore Ant [pattern='/css/**']. This is not recommended -- please use permitAll via HttpSecurity#authorizeHttpRequests instead.
2022-12-17 00:45:17,216 INFO  [restartedMain] org.springframework.security.web.DefaultSecurityFilterChain:Will not secure Ant [pattern='/css/**']
2022-12-17 00:45:17,217 WARN  [restartedMain] org.springframework.security.config.annotation.web.builders.WebSecurity:You are asking Spring Security to ignore Ant [pattern='/js/**']. This is not recommended -- please use permitAll via HttpSecurity#authorizeHttpRequests instead.
2022-12-17 00:45:17,217 INFO  [restartedMain] org.springframework.security.web.DefaultSecurityFilterChain:Will not secure Ant [pattern='/js/**']
2022-12-17 00:45:17,223 INFO  [restartedMain] org.springframework.boot.devtools.autoconfigure.OptionalLiveReloadServer:LiveReload server is running on port 35729
2022-12-17 00:45:17,226 INFO  [restartedMain] org.springframework.boot.actuate.endpoint.web.EndpointLinksResolver:Exposing 15 endpoint(s) beneath base path '/actuator'
2022-12-17 00:45:17,248 INFO  [restartedMain] org.springframework.boot.web.embedded.tomcat.TomcatWebServer:Tomcat started on port(s): 8081 (http) with context path ''
2022-12-17 00:45:17,254 INFO  [restartedMain] com.crm.CrmApplication:Started CrmApplication in 1.62 seconds (JVM running for 12608.792)
2022-12-17 00:45:17,256 INFO  [restartedMain] org.springframework.boot.devtools.autoconfigure.ConditionEvaluationDeltaLoggingListener:Condition evaluation unchanged
2022-12-17 00:48:23,266 INFO  [File Watcher] org.springframework.boot.devtools.autoconfigure.LocalDevToolsAutoConfiguration$RestartingClassPathChangeChangedEventListener:Restarting due to 1 class path change (0 additions, 0 deletions, 1 modification)
2022-12-17 00:48:23,356 INFO  [Thread-27] org.apache.catalina.core.StandardService:Stopping service [Tomcat]
2022-12-17 00:48:23,358 WARN  [Thread-27] org.apache.catalina.loader.WebappClassLoaderBase:The web application [ROOT] appears to have started a thread named [HikariPool-7 housekeeper] but has failed to stop it. This is very likely to create a memory leak. Stack trace of thread:
 java.base@11.0.14/jdk.internal.misc.Unsafe.park(Native Method)
 java.base@11.0.14/java.util.concurrent.locks.LockSupport.parkNanos(LockSupport.java:234)
 java.base@11.0.14/java.util.concurrent.locks.AbstractQueuedSynchronizer$ConditionObject.awaitNanos(AbstractQueuedSynchronizer.java:2123)
 java.base@11.0.14/java.util.concurrent.ScheduledThreadPoolExecutor$DelayedWorkQueue.take(ScheduledThreadPoolExecutor.java:1182)
 java.base@11.0.14/java.util.concurrent.ScheduledThreadPoolExecutor$DelayedWorkQueue.take(ScheduledThreadPoolExecutor.java:899)
 java.base@11.0.14/java.util.concurrent.ThreadPoolExecutor.getTask(ThreadPoolExecutor.java:1054)
 java.base@11.0.14/java.util.concurrent.ThreadPoolExecutor.runWorker(ThreadPoolExecutor.java:1114)
 java.base@11.0.14/java.util.concurrent.ThreadPoolExecutor$Worker.run(ThreadPoolExecutor.java:628)
 java.base@11.0.14/java.lang.Thread.run(Thread.java:834)
2022-12-17 00:48:23,362 INFO  [Thread-27] org.springframework.orm.jpa.LocalContainerEntityManagerFactoryBean:Closing JPA EntityManagerFactory for persistence unit 'default'
2022-12-17 00:48:23,363 INFO  [Thread-27] com.zaxxer.hikari.HikariDataSource:HikariPool-7 - Shutdown initiated...
2022-12-17 00:48:23,365 INFO  [Thread-27] com.zaxxer.hikari.HikariDataSource:HikariPool-7 - Shutdown completed.
2022-12-17 00:48:23,453 INFO  [restartedMain] com.crm.CrmApplication:Starting CrmApplication using Java 11.0.14 on LAPTOP-LLJMV15P with PID 7204 (C:\Users\mhinci\Desktop\dosya\Mini-CRM\target\classes started by mhinci in C:\Users\mhinci\Desktop\dosya\Mini-CRM)
2022-12-17 00:48:23,454 INFO  [restartedMain] com.crm.CrmApplication:No active profile set, falling back to 1 default profile: "default"
2022-12-17 00:48:23,703 INFO  [restartedMain] org.springframework.data.repository.config.RepositoryConfigurationDelegate:Bootstrapping Spring Data JPA repositories in DEFAULT mode.
2022-12-17 00:48:23,737 INFO  [restartedMain] org.springframework.data.repository.config.RepositoryConfigurationDelegate:Finished Spring Data repository scanning in 33 ms. Found 10 JPA repository interfaces.
2022-12-17 00:48:23,814 INFO  [restartedMain] org.springframework.boot.web.embedded.tomcat.TomcatWebServer:Tomcat initialized with port(s): 8081 (http)
2022-12-17 00:48:23,814 INFO  [restartedMain] org.apache.catalina.core.StandardService:Starting service [Tomcat]
2022-12-17 00:48:23,814 INFO  [restartedMain] org.apache.catalina.core.StandardEngine:Starting Servlet engine: [Apache Tomcat/9.0.69]
2022-12-17 00:48:23,830 INFO  [restartedMain] org.apache.catalina.core.ContainerBase.[Tomcat].[localhost].[/]:Initializing Spring embedded WebApplicationContext
2022-12-17 00:48:23,830 INFO  [restartedMain] org.springframework.boot.web.servlet.context.ServletWebServerApplicationContext:Root WebApplicationContext: initialization completed in 375 ms
2022-12-17 00:48:23,885 INFO  [restartedMain] org.hibernate.jpa.internal.util.LogHelper:HHH000204: Processing PersistenceUnitInfo [name: default]
2022-12-17 00:48:23,889 INFO  [restartedMain] com.zaxxer.hikari.HikariDataSource:HikariPool-8 - Starting...
2022-12-17 00:48:23,933 INFO  [restartedMain] com.zaxxer.hikari.HikariDataSource:HikariPool-8 - Start completed.
2022-12-17 00:48:23,934 INFO  [restartedMain] org.hibernate.dialect.Dialect:HHH000400: Using dialect: org.hibernate.dialect.PostgreSQLDialect
2022-12-17 00:48:24,156 INFO  [restartedMain] org.hibernate.engine.transaction.jta.platform.internal.JtaPlatformInitiator:HHH000490: Using JtaPlatform implementation: [org.hibernate.engine.transaction.jta.platform.internal.NoJtaPlatform]
2022-12-17 00:48:24,156 INFO  [restartedMain] org.springframework.orm.jpa.LocalContainerEntityManagerFactoryBean:Initialized JPA EntityManagerFactory for persistence unit 'default'
2022-12-17 00:48:24,453 INFO  [restartedMain] org.springframework.security.web.DefaultSecurityFilterChain:Will secure any request with [org.springframework.security.web.session.DisableEncodeUrlFilter@50bea51d, org.springframework.security.web.context.request.async.WebAsyncManagerIntegrationFilter@1d9b92f5, org.springframework.security.web.context.SecurityContextPersistenceFilter@78b2587e, org.springframework.security.web.header.HeaderWriterFilter@4a09cad9, org.springframework.security.web.authentication.logout.LogoutFilter@1a56c23a, com.crm.security.jwt.AuthTokenFilter@26398278, org.springframework.security.web.savedrequest.RequestCacheAwareFilter@66923df0, org.springframework.security.web.servletapi.SecurityContextHolderAwareRequestFilter@62c96cf9, org.springframework.security.web.authentication.AnonymousAuthenticationFilter@5bd05c60, org.springframework.security.web.session.SessionManagementFilter@7bd23aa, org.springframework.security.web.access.ExceptionTranslationFilter@7f9c245c, org.springframework.security.web.access.intercept.FilterSecurityInterceptor@2025d9db]
2022-12-17 00:48:24,482 WARN  [restartedMain] org.springframework.boot.autoconfigure.orm.jpa.JpaBaseConfiguration$JpaWebConfiguration:spring.jpa.open-in-view is enabled by default. Therefore, database queries may be performed during view rendering. Explicitly configure spring.jpa.open-in-view to disable this warning
2022-12-17 00:48:24,904 WARN  [restartedMain] org.springframework.security.config.annotation.web.builders.WebSecurity:You are asking Spring Security to ignore Ant [pattern='/v3/api-docs/**']. This is not recommended -- please use permitAll via HttpSecurity#authorizeHttpRequests instead.
2022-12-17 00:48:24,904 INFO  [restartedMain] org.springframework.security.web.DefaultSecurityFilterChain:Will not secure Ant [pattern='/v3/api-docs/**']
2022-12-17 00:48:24,904 WARN  [restartedMain] org.springframework.security.config.annotation.web.builders.WebSecurity:You are asking Spring Security to ignore Ant [pattern='swagger-ui.html']. This is not recommended -- please use permitAll via HttpSecurity#authorizeHttpRequests instead.
2022-12-17 00:48:24,904 INFO  [restartedMain] org.springframework.security.web.DefaultSecurityFilterChain:Will not secure Ant [pattern='swagger-ui.html']
2022-12-17 00:48:24,904 WARN  [restartedMain] org.springframework.security.config.annotation.web.builders.WebSecurity:You are asking Spring Security to ignore Ant [pattern='/swagger-ui/**']. This is not recommended -- please use permitAll via HttpSecurity#authorizeHttpRequests instead.
2022-12-17 00:48:24,904 INFO  [restartedMain] org.springframework.security.web.DefaultSecurityFilterChain:Will not secure Ant [pattern='/swagger-ui/**']
2022-12-17 00:48:24,904 WARN  [restartedMain] org.springframework.security.config.annotation.web.builders.WebSecurity:You are asking Spring Security to ignore Ant [pattern='/']. This is not recommended -- please use permitAll via HttpSecurity#authorizeHttpRequests instead.
2022-12-17 00:48:24,904 INFO  [restartedMain] org.springframework.security.web.DefaultSecurityFilterChain:Will not secure Ant [pattern='/']
2022-12-17 00:48:24,904 WARN  [restartedMain] org.springframework.security.config.annotation.web.builders.WebSecurity:You are asking Spring Security to ignore Ant [pattern='index.html']. This is not recommended -- please use permitAll via HttpSecurity#authorizeHttpRequests instead.
2022-12-17 00:48:24,904 INFO  [restartedMain] org.springframework.security.web.DefaultSecurityFilterChain:Will not secure Ant [pattern='index.html']
2022-12-17 00:48:24,904 WARN  [restartedMain] org.springframework.security.config.annotation.web.builders.WebSecurity:You are asking Spring Security to ignore Ant [pattern='/images/**']. This is not recommended -- please use permitAll via HttpSecurity#authorizeHttpRequests instead.
2022-12-17 00:48:24,904 INFO  [restartedMain] org.springframework.security.web.DefaultSecurityFilterChain:Will not secure Ant [pattern='/images/**']
2022-12-17 00:48:24,904 WARN  [restartedMain] org.springframework.security.config.annotation.web.builders.WebSecurity:You are asking Spring Security to ignore Ant [pattern='/css/**']. This is not recommended -- please use permitAll via HttpSecurity#authorizeHttpRequests instead.
2022-12-17 00:48:24,904 INFO  [restartedMain] org.springframework.security.web.DefaultSecurityFilterChain:Will not secure Ant [pattern='/css/**']
2022-12-17 00:48:24,904 WARN  [restartedMain] org.springframework.security.config.annotation.web.builders.WebSecurity:You are asking Spring Security to ignore Ant [pattern='/js/**']. This is not recommended -- please use permitAll via HttpSecurity#authorizeHttpRequests instead.
2022-12-17 00:48:24,904 INFO  [restartedMain] org.springframework.security.web.DefaultSecurityFilterChain:Will not secure Ant [pattern='/js/**']
2022-12-17 00:48:24,910 INFO  [restartedMain] org.springframework.boot.devtools.autoconfigure.OptionalLiveReloadServer:LiveReload server is running on port 35729
2022-12-17 00:48:24,912 INFO  [restartedMain] org.springframework.boot.actuate.endpoint.web.EndpointLinksResolver:Exposing 15 endpoint(s) beneath base path '/actuator'
2022-12-17 00:48:24,934 INFO  [restartedMain] org.springframework.boot.web.embedded.tomcat.TomcatWebServer:Tomcat started on port(s): 8081 (http) with context path ''
2022-12-17 00:48:24,941 INFO  [restartedMain] com.crm.CrmApplication:Started CrmApplication in 1.513 seconds (JVM running for 12796.477)
2022-12-17 00:48:24,942 INFO  [restartedMain] org.springframework.boot.devtools.autoconfigure.ConditionEvaluationDeltaLoggingListener:Condition evaluation unchanged
2022-12-17 00:48:29,948 INFO  [RMI TCP Connection(2)-127.0.0.1] org.springframework.boot.admin.SpringApplicationAdminMXBeanRegistrar$SpringApplicationAdmin:Application shutdown requested.
2022-12-17 00:48:30,039 INFO  [RMI TCP Connection(2)-127.0.0.1] org.apache.catalina.core.StandardService:Stopping service [Tomcat]
2022-12-17 00:48:30,043 WARN  [RMI TCP Connection(2)-127.0.0.1] org.apache.catalina.loader.WebappClassLoaderBase:The web application [ROOT] appears to have started a thread named [HikariPool-8 housekeeper] but has failed to stop it. This is very likely to create a memory leak. Stack trace of thread:
 java.base@11.0.14/jdk.internal.misc.Unsafe.park(Native Method)
 java.base@11.0.14/java.util.concurrent.locks.LockSupport.parkNanos(LockSupport.java:234)
 java.base@11.0.14/java.util.concurrent.locks.AbstractQueuedSynchronizer$ConditionObject.awaitNanos(AbstractQueuedSynchronizer.java:2123)
 java.base@11.0.14/java.util.concurrent.ScheduledThreadPoolExecutor$DelayedWorkQueue.take(ScheduledThreadPoolExecutor.java:1182)
 java.base@11.0.14/java.util.concurrent.ScheduledThreadPoolExecutor$DelayedWorkQueue.take(ScheduledThreadPoolExecutor.java:899)
 java.base@11.0.14/java.util.concurrent.ThreadPoolExecutor.getTask(ThreadPoolExecutor.java:1054)
 java.base@11.0.14/java.util.concurrent.ThreadPoolExecutor.runWorker(ThreadPoolExecutor.java:1114)
 java.base@11.0.14/java.util.concurrent.ThreadPoolExecutor$Worker.run(ThreadPoolExecutor.java:628)
 java.base@11.0.14/java.lang.Thread.run(Thread.java:834)
2022-12-17 00:48:30,048 INFO  [RMI TCP Connection(2)-127.0.0.1] org.springframework.orm.jpa.LocalContainerEntityManagerFactoryBean:Closing JPA EntityManagerFactory for persistence unit 'default'
2022-12-17 00:48:30,048 INFO  [RMI TCP Connection(2)-127.0.0.1] com.zaxxer.hikari.HikariDataSource:HikariPool-8 - Shutdown initiated...
2022-12-17 00:48:30,054 INFO  [RMI TCP Connection(2)-127.0.0.1] com.zaxxer.hikari.HikariDataSource:HikariPool-8 - Shutdown completed.
2022-12-17 00:48:42,768 INFO  [restartedMain] com.crm.CrmApplication:Starting CrmApplication using Java 11.0.14 on LAPTOP-LLJMV15P with PID 52096 (C:\Users\mhinci\Desktop\dosya\Mini-CRM\target\classes started by mhinci in C:\Users\mhinci\Desktop\dosya\Mini-CRM)
2022-12-17 00:48:42,769 INFO  [restartedMain] com.crm.CrmApplication:No active profile set, falling back to 1 default profile: "default"
2022-12-17 00:48:42,823 INFO  [restartedMain] org.springframework.boot.devtools.env.DevToolsPropertyDefaultsPostProcessor:Devtools property defaults active! Set 'spring.devtools.add-properties' to 'false' to disable
2022-12-17 00:48:42,824 INFO  [restartedMain] org.springframework.boot.devtools.env.DevToolsPropertyDefaultsPostProcessor:For additional web related logging consider setting the 'logging.level.web' property to 'DEBUG'
2022-12-17 00:48:43,771 INFO  [restartedMain] org.springframework.data.repository.config.RepositoryConfigurationDelegate:Bootstrapping Spring Data JPA repositories in DEFAULT mode.
2022-12-17 00:48:43,856 INFO  [restartedMain] org.springframework.data.repository.config.RepositoryConfigurationDelegate:Finished Spring Data repository scanning in 77 ms. Found 10 JPA repository interfaces.
2022-12-17 00:48:44,428 INFO  [restartedMain] org.springframework.boot.web.embedded.tomcat.TomcatWebServer:Tomcat initialized with port(s): 8081 (http)
2022-12-17 00:48:44,440 INFO  [restartedMain] org.apache.catalina.core.StandardService:Starting service [Tomcat]
2022-12-17 00:48:44,441 INFO  [restartedMain] org.apache.catalina.core.StandardEngine:Starting Servlet engine: [Apache Tomcat/9.0.69]
2022-12-17 00:48:44,719 INFO  [restartedMain] org.apache.catalina.core.ContainerBase.[Tomcat].[localhost].[/]:Initializing Spring embedded WebApplicationContext
2022-12-17 00:48:44,719 INFO  [restartedMain] org.springframework.boot.web.servlet.context.ServletWebServerApplicationContext:Root WebApplicationContext: initialization completed in 1895 ms
2022-12-17 00:48:44,945 INFO  [restartedMain] org.hibernate.jpa.internal.util.LogHelper:HHH000204: Processing PersistenceUnitInfo [name: default]
2022-12-17 00:48:45,014 INFO  [restartedMain] org.hibernate.Version:HHH000412: Hibernate ORM core version 5.6.14.Final
2022-12-17 00:48:45,216 INFO  [restartedMain] org.hibernate.annotations.common.Version:HCANN000001: Hibernate Commons Annotations {5.1.2.Final}
2022-12-17 00:48:45,334 INFO  [restartedMain] com.zaxxer.hikari.HikariDataSource:HikariPool-1 - Starting...
2022-12-17 00:48:45,658 INFO  [restartedMain] com.zaxxer.hikari.HikariDataSource:HikariPool-1 - Start completed.
2022-12-17 00:48:45,686 INFO  [restartedMain] org.hibernate.dialect.Dialect:HHH000400: Using dialect: org.hibernate.dialect.PostgreSQLDialect
2022-12-17 00:48:46,756 INFO  [restartedMain] org.hibernate.engine.transaction.jta.platform.internal.JtaPlatformInitiator:HHH000490: Using JtaPlatform implementation: [org.hibernate.engine.transaction.jta.platform.internal.NoJtaPlatform]
2022-12-17 00:48:46,765 INFO  [restartedMain] org.springframework.orm.jpa.LocalContainerEntityManagerFactoryBean:Initialized JPA EntityManagerFactory for persistence unit 'default'
2022-12-17 00:48:47,525 INFO  [restartedMain] org.springframework.security.web.DefaultSecurityFilterChain:Will secure any request with [org.springframework.security.web.session.DisableEncodeUrlFilter@72d41356, org.springframework.security.web.context.request.async.WebAsyncManagerIntegrationFilter@452c7d29, org.springframework.security.web.context.SecurityContextPersistenceFilter@373fe9e3, org.springframework.security.web.header.HeaderWriterFilter@18da20d0, org.springframework.security.web.authentication.logout.LogoutFilter@6d6f0335, com.crm.security.jwt.AuthTokenFilter@90d869d, org.springframework.security.web.savedrequest.RequestCacheAwareFilter@286114b6, org.springframework.security.web.servletapi.SecurityContextHolderAwareRequestFilter@2cb85a13, org.springframework.security.web.authentication.AnonymousAuthenticationFilter@243428dc, org.springframework.security.web.session.SessionManagementFilter@46656f27, org.springframework.security.web.access.ExceptionTranslationFilter@6410fb74, org.springframework.security.web.access.intercept.FilterSecurityInterceptor@2cb36f9a]
2022-12-17 00:48:47,648 WARN  [restartedMain] org.springframework.boot.autoconfigure.orm.jpa.JpaBaseConfiguration$JpaWebConfiguration:spring.jpa.open-in-view is enabled by default. Therefore, database queries may be performed during view rendering. Explicitly configure spring.jpa.open-in-view to disable this warning
2022-12-17 00:48:48,531 WARN  [restartedMain] org.springframework.security.config.annotation.web.builders.WebSecurity:You are asking Spring Security to ignore Ant [pattern='/v3/api-docs/**']. This is not recommended -- please use permitAll via HttpSecurity#authorizeHttpRequests instead.
2022-12-17 00:48:48,532 INFO  [restartedMain] org.springframework.security.web.DefaultSecurityFilterChain:Will not secure Ant [pattern='/v3/api-docs/**']
2022-12-17 00:48:48,532 WARN  [restartedMain] org.springframework.security.config.annotation.web.builders.WebSecurity:You are asking Spring Security to ignore Ant [pattern='swagger-ui.html']. This is not recommended -- please use permitAll via HttpSecurity#authorizeHttpRequests instead.
2022-12-17 00:48:48,532 INFO  [restartedMain] org.springframework.security.web.DefaultSecurityFilterChain:Will not secure Ant [pattern='swagger-ui.html']
2022-12-17 00:48:48,532 WARN  [restartedMain] org.springframework.security.config.annotation.web.builders.WebSecurity:You are asking Spring Security to ignore Ant [pattern='/swagger-ui/**']. This is not recommended -- please use permitAll via HttpSecurity#authorizeHttpRequests instead.
2022-12-17 00:48:48,532 INFO  [restartedMain] org.springframework.security.web.DefaultSecurityFilterChain:Will not secure Ant [pattern='/swagger-ui/**']
2022-12-17 00:48:48,532 WARN  [restartedMain] org.springframework.security.config.annotation.web.builders.WebSecurity:You are asking Spring Security to ignore Ant [pattern='/']. This is not recommended -- please use permitAll via HttpSecurity#authorizeHttpRequests instead.
2022-12-17 00:48:48,532 INFO  [restartedMain] org.springframework.security.web.DefaultSecurityFilterChain:Will not secure Ant [pattern='/']
2022-12-17 00:48:48,532 WARN  [restartedMain] org.springframework.security.config.annotation.web.builders.WebSecurity:You are asking Spring Security to ignore Ant [pattern='index.html']. This is not recommended -- please use permitAll via HttpSecurity#authorizeHttpRequests instead.
2022-12-17 00:48:48,533 INFO  [restartedMain] org.springframework.security.web.DefaultSecurityFilterChain:Will not secure Ant [pattern='index.html']
2022-12-17 00:48:48,533 WARN  [restartedMain] org.springframework.security.config.annotation.web.builders.WebSecurity:You are asking Spring Security to ignore Ant [pattern='/images/**']. This is not recommended -- please use permitAll via HttpSecurity#authorizeHttpRequests instead.
2022-12-17 00:48:48,533 INFO  [restartedMain] org.springframework.security.web.DefaultSecurityFilterChain:Will not secure Ant [pattern='/images/**']
2022-12-17 00:48:48,533 WARN  [restartedMain] org.springframework.security.config.annotation.web.builders.WebSecurity:You are asking Spring Security to ignore Ant [pattern='/css/**']. This is not recommended -- please use permitAll via HttpSecurity#authorizeHttpRequests instead.
2022-12-17 00:48:48,533 INFO  [restartedMain] org.springframework.security.web.DefaultSecurityFilterChain:Will not secure Ant [pattern='/css/**']
2022-12-17 00:48:48,533 WARN  [restartedMain] org.springframework.security.config.annotation.web.builders.WebSecurity:You are asking Spring Security to ignore Ant [pattern='/js/**']. This is not recommended -- please use permitAll via HttpSecurity#authorizeHttpRequests instead.
2022-12-17 00:48:48,533 INFO  [restartedMain] org.springframework.security.web.DefaultSecurityFilterChain:Will not secure Ant [pattern='/js/**']
2022-12-17 00:48:48,573 INFO  [restartedMain] org.springframework.boot.devtools.autoconfigure.OptionalLiveReloadServer:LiveReload server is running on port 35729
2022-12-17 00:48:48,578 INFO  [restartedMain] org.springframework.boot.actuate.endpoint.web.EndpointLinksResolver:Exposing 15 endpoint(s) beneath base path '/actuator'
2022-12-17 00:48:48,650 INFO  [restartedMain] org.springframework.boot.web.embedded.tomcat.TomcatWebServer:Tomcat started on port(s): 8081 (http) with context path ''
2022-12-17 00:48:48,664 INFO  [restartedMain] com.crm.CrmApplication:Started CrmApplication in 6.282 seconds (JVM running for 7.236)
2022-12-17 00:56:11,865 INFO  [RMI TCP Connection(2)-127.0.0.1] org.springframework.boot.admin.SpringApplicationAdminMXBeanRegistrar$SpringApplicationAdmin:Application shutdown requested.
2022-12-17 00:56:11,994 INFO  [RMI TCP Connection(2)-127.0.0.1] org.apache.catalina.core.StandardService:Stopping service [Tomcat]
2022-12-17 00:56:12,001 WARN  [RMI TCP Connection(2)-127.0.0.1] org.apache.catalina.loader.WebappClassLoaderBase:The web application [ROOT] appears to have started a thread named [HikariPool-1 housekeeper] but has failed to stop it. This is very likely to create a memory leak. Stack trace of thread:
 java.base@11.0.14/jdk.internal.misc.Unsafe.park(Native Method)
 java.base@11.0.14/java.util.concurrent.locks.LockSupport.parkNanos(LockSupport.java:234)
 java.base@11.0.14/java.util.concurrent.locks.AbstractQueuedSynchronizer$ConditionObject.awaitNanos(AbstractQueuedSynchronizer.java:2123)
 java.base@11.0.14/java.util.concurrent.ScheduledThreadPoolExecutor$DelayedWorkQueue.take(ScheduledThreadPoolExecutor.java:1182)
 java.base@11.0.14/java.util.concurrent.ScheduledThreadPoolExecutor$DelayedWorkQueue.take(ScheduledThreadPoolExecutor.java:899)
 java.base@11.0.14/java.util.concurrent.ThreadPoolExecutor.getTask(ThreadPoolExecutor.java:1054)
 java.base@11.0.14/java.util.concurrent.ThreadPoolExecutor.runWorker(ThreadPoolExecutor.java:1114)
 java.base@11.0.14/java.util.concurrent.ThreadPoolExecutor$Worker.run(ThreadPoolExecutor.java:628)
 java.base@11.0.14/java.lang.Thread.run(Thread.java:834)
2022-12-17 00:56:12,011 INFO  [RMI TCP Connection(2)-127.0.0.1] org.springframework.orm.jpa.LocalContainerEntityManagerFactoryBean:Closing JPA EntityManagerFactory for persistence unit 'default'
2022-12-17 00:56:12,014 INFO  [RMI TCP Connection(2)-127.0.0.1] com.zaxxer.hikari.HikariDataSource:HikariPool-1 - Shutdown initiated...
2022-12-17 00:56:12,018 INFO  [RMI TCP Connection(2)-127.0.0.1] com.zaxxer.hikari.HikariDataSource:HikariPool-1 - Shutdown completed.
